2026-04-20 09:51:59.847 [background-preinit] INFO  org.hibernate.validator.internal.util.Version - HV000001: Hibernate Validator 6.2.5.Final
2026-04-20 09:51:59.923 [main] INFO  c.example.usermanagement.UserManagementApplication - Starting UserManagementApplication using Java 1.8.0_421 on xuedongdeMacBook-Pro.local with PID 47589 (/Users/xuedong/CodeBuddy/ai-demo/backend/target/classes started by xuedong in /Users/xuedong/CodeBuddy/ai-demo/backend)
2026-04-20 09:51:59.924 [main] DEBUG c.example.usermanagement.UserManagementApplication - Running with Spring Boot v2.7.18, Spring v5.3.31
2026-04-20 09:51:59.925 [main] INFO  c.example.usermanagement.UserManagementApplication - No active profile set, falling back to 1 default profile: "default"
2026-04-20 09:52:01.231 [main] INFO  o.s.d.r.config.RepositoryConfigurationDelegate - Bootstrapping Spring Data JPA repositories in DEFAULT mode.
2026-04-20 09:52:01.342 [main] INFO  o.s.d.r.config.RepositoryConfigurationDelegate - Finished Spring Data repository scanning in 92 ms. Found 2 JPA repository interfaces.
2026-04-20 09:52:02.604 [main] INFO  o.s.boot.web.embedded.tomcat.TomcatWebServer - Tomcat initialized with port(s): 8080 (http)
2026-04-20 09:52:02.614 [main] INFO  org.apache.coyote.http11.Http11NioProtocol - Initializing ProtocolHandler ["http-nio-8080"]
2026-04-20 09:52:02.617 [main] INFO  org.apache.catalina.core.StandardService - Starting service [Tomcat]
2026-04-20 09:52:02.618 [main] INFO  org.apache.catalina.core.StandardEngine - Starting Servlet engine: [Apache Tomcat/9.0.83]
2026-04-20 09:52:03.028 [main] INFO  o.a.c.core.ContainerBase.[Tomcat].[localhost].[/] - Initializing Spring embedded WebApplicationContext
2026-04-20 09:52:03.028 [main] INFO  o.s.b.w.s.c.ServletWebServerApplicationContext - Root WebApplicationContext: initialization completed in 2923 ms
2026-04-20 09:52:03.245 [main] INFO  org.hibernate.jpa.internal.util.LogHelper - HHH000204: Processing PersistenceUnitInfo [name: default]
2026-04-20 09:52:03.336 [main] INFO  org.hibernate.Version - HHH000412: Hibernate ORM core version 5.6.15.Final
2026-04-20 09:52:03.593 [main] INFO  org.hibernate.annotations.common.Version - HCANN000001: Hibernate Commons Annotations {5.1.2.Final}
2026-04-20 09:52:03.781 [main] INFO  com.zaxxer.hikari.HikariDataSource - TeachingManagementHikariCP - Starting...
2026-04-20 09:52:04.163 [main] INFO  com.zaxxer.hikari.HikariDataSource - TeachingManagementHikariCP - Start completed.
2026-04-20 09:52:04.182 [main] INFO  org.hibernate.dialect.Dialect - HHH000400: Using dialect: org.hibernate.dialect.MySQL8Dialect
2026-04-20 09:52:05.357 [main] INFO  o.h.e.t.jta.platform.internal.JtaPlatformInitiator - HHH000490: Using JtaPlatform implementation: [org.hibernate.engine.transaction.jta.platform.internal.NoJtaPlatform]
2026-04-20 09:52:05.389 [main] INFO  o.s.orm.jpa.LocalContainerEntityManagerFactoryBean - Initialized JPA EntityManagerFactory for persistence unit 'default'
2026-04-20 09:52:06.106 [main] WARN  o.s.b.a.o.j.JpaBaseConfiguration$JpaWebConfiguration - spring.jpa.open-in-view is enabled by default. Therefore, database queries may be performed during view rendering. Explicitly configure spring.jpa.open-in-view to disable this warning
2026-04-20 09:52:06.633 [main] INFO  org.apache.coyote.http11.Http11NioProtocol - Starting ProtocolHandler ["http-nio-8080"]
2026-04-20 09:52:06.911 [main] INFO  o.s.boot.web.embedded.tomcat.TomcatWebServer - Tomcat started on port(s): 8080 (http) with context path ''
2026-04-20 09:52:06.923 [main] INFO  c.example.usermanagement.UserManagementApplication - Started UserManagementApplication in 8.661 seconds (JVM running for 12.67)
2026-04-20 09:52:07.174 [main] INFO  com.example.usermanagement.config.DataInitializer - 数据库中已有 99 条老师数据，跳过初始化
2026-04-20 09:52:07.177 [main] INFO  c.example.usermanagement.UserManagementApplication - 用户管理系统启动成功!
2026-04-20 09:57:06.995 [http-nio-8080-exec-1] INFO  o.a.c.core.ContainerBase.[Tomcat].[localhost].[/] - Initializing Spring DispatcherServlet 'dispatcherServlet'
2026-04-20 09:57:06.995 [http-nio-8080-exec-1] INFO  org.springframework.web.servlet.DispatcherServlet - Initializing Servlet 'dispatcherServlet'
2026-04-20 09:57:06.997 [http-nio-8080-exec-1] INFO  org.springframework.web.servlet.DispatcherServlet - Completed initialization in 2 ms
2026-04-20 10:02:40.862 [http-nio-8080-exec-2] DEBUG c.example.usermanagement.controller.UserController - 获取所有用户列表
2026-04-20 10:02:40.975 [http-nio-8080-exec-2] DEBUG com.example.usermanagement.service.UserService - Service: 查询所有用户
2026-04-20 10:02:41.252 [http-nio-8080-exec-2] INFO  c.example.usermanagement.controller.UserController - 成功获取用户列表, 共 3 条数据
2026-04-20 10:02:41.414 [http-nio-8080-exec-3] DEBUG c.example.usermanagement.controller.UserController - 获取所有用户列表
2026-04-20 10:02:41.415 [http-nio-8080-exec-3] DEBUG com.example.usermanagement.service.UserService - Service: 查询所有用户
2026-04-20 10:02:41.426 [http-nio-8080-exec-3] INFO  c.example.usermanagement.controller.UserController - 成功获取用户列表, 共 3 条数据
2026-04-20 10:03:12.396 [http-nio-8080-exec-4] DEBUG c.e.usermanagement.controller.TeacherController - 获取所有老师列表
2026-04-20 10:03:12.453 [http-nio-8080-exec-4] DEBUG com.example.usermanagement.service.TeacherService - Service: 查询所有老师
2026-04-20 10:03:15.035 [http-nio-8080-exec-5] DEBUG c.e.usermanagement.controller.TeacherController - 获取所有老师列表
2026-04-20 10:03:15.038 [http-nio-8080-exec-5] DEBUG com.example.usermanagement.service.TeacherService - Service: 查询所有老师
2026-04-20 10:03:15.100 [http-nio-8080-exec-4] INFO  c.e.usermanagement.controller.TeacherController - 成功获取老师列表, 共 99 条数据
2026-04-20 10:03:15.120 [http-nio-8080-exec-5] INFO  c.e.usermanagement.controller.TeacherController - 成功获取老师列表, 共 99 条数据
2026-04-20 10:03:30.073 [http-nio-8080-exec-6] DEBUG c.example.usermanagement.controller.UserController - 获取所有用户列表
2026-04-20 10:03:30.074 [http-nio-8080-exec-6] DEBUG com.example.usermanagement.service.UserService - Service: 查询所有用户
2026-04-20 10:03:30.110 [http-nio-8080-exec-6] INFO  c.example.usermanagement.controller.UserController - 成功获取用户列表, 共 3 条数据
2026-04-20 10:03:30.161 [http-nio-8080-exec-6] DEBUG c.example.usermanagement.controller.UserController - 获取所有用户列表
2026-04-20 10:03:30.161 [http-nio-8080-exec-6] DEBUG com.example.usermanagement.service.UserService - Service: 查询所有用户
2026-04-20 10:03:30.185 [http-nio-8080-exec-6] INFO  c.example.usermanagement.controller.UserController - 成功获取用户列表, 共 3 条数据
2026-04-20 10:03:31.353 [http-nio-8080-exec-8] DEBUG c.e.usermanagement.controller.TeacherController - 获取所有老师列表
2026-04-20 10:03:31.354 [http-nio-8080-exec-8] DEBUG com.example.usermanagement.service.TeacherService - Service: 查询所有老师
2026-04-20 10:03:31.388 [http-nio-8080-exec-8] INFO  c.e.usermanagement.controller.TeacherController - 成功获取老师列表, 共 99 条数据
2026-04-20 10:03:31.401 [http-nio-8080-exec-9] DEBUG c.e.usermanagement.controller.TeacherController - 获取所有老师列表
2026-04-20 10:03:31.402 [http-nio-8080-exec-9] DEBUG com.example.usermanagement.service.TeacherService - Service: 查询所有老师
2026-04-20 10:03:31.437 [http-nio-8080-exec-9] INFO  c.e.usermanagement.controller.TeacherController - 成功获取老师列表, 共 99 条数据
2026-04-20 10:16:04.520 [http-nio-8080-exec-10] DEBUG c.example.usermanagement.controller.UserController - 获取所有用户列表
2026-04-20 10:16:04.566 [http-nio-8080-exec-10] DEBUG com.example.usermanagement.service.UserService - Service: 查询所有用户
2026-04-20 10:16:04.753 [http-nio-8080-exec-10] INFO  c.example.usermanagement.controller.UserController - 成功获取用户列表, 共 3 条数据
2026-04-20 10:16:05.117 [http-nio-8080-exec-10] DEBUG c.example.usermanagement.controller.UserController - 获取所有用户列表
2026-04-20 10:16:05.127 [http-nio-8080-exec-10] DEBUG com.example.usermanagement.service.UserService - Service: 查询所有用户
2026-04-20 10:16:05.192 [http-nio-8080-exec-10] INFO  c.example.usermanagement.controller.UserController - 成功获取用户列表, 共 3 条数据
2026-04-20 10:28:59.228 [http-nio-8080-exec-2] DEBUG c.example.usermanagement.controller.UserController - 获取所有用户列表
2026-04-20 10:28:59.232 [http-nio-8080-exec-2] DEBUG com.example.usermanagement.service.UserService - Service: 查询所有用户
2026-04-20 10:28:59.396 [http-nio-8080-exec-2] INFO  c.example.usermanagement.controller.UserController - 成功获取用户列表, 共 3 条数据
2026-04-20 10:28:59.429 [http-nio-8080-exec-2] DEBUG c.example.usermanagement.controller.UserController - 获取所有用户列表
2026-04-20 10:28:59.429 [http-nio-8080-exec-2] DEBUG com.example.usermanagement.service.UserService - Service: 查询所有用户
2026-04-20 10:28:59.453 [http-nio-8080-exec-2] INFO  c.example.usermanagement.controller.UserController - 成功获取用户列表, 共 3 条数据
2026-04-20 10:29:10.961 [http-nio-8080-exec-4] DEBUG c.example.usermanagement.controller.UserController - 获取所有用户列表
2026-04-20 10:29:10.967 [http-nio-8080-exec-4] DEBUG com.example.usermanagement.service.UserService - Service: 查询所有用户
2026-04-20 10:29:10.987 [http-nio-8080-exec-4] INFO  c.example.usermanagement.controller.UserController - 成功获取用户列表, 共 3 条数据
2026-04-20 10:29:11.013 [http-nio-8080-exec-5] DEBUG c.example.usermanagement.controller.UserController - 获取所有用户列表
2026-04-20 10:29:11.016 [http-nio-8080-exec-5] DEBUG com.example.usermanagement.service.UserService - Service: 查询所有用户
2026-04-20 10:29:11.037 [http-nio-8080-exec-5] INFO  c.example.usermanagement.controller.UserController - 成功获取用户列表, 共 3 条数据
2026-04-20 10:29:15.288 [http-nio-8080-exec-7] DEBUG c.example.usermanagement.controller.UserController - 获取所有用户列表
2026-04-20 10:29:15.289 [http-nio-8080-exec-7] DEBUG com.example.usermanagement.service.UserService - Service: 查询所有用户
2026-04-20 10:29:15.298 [http-nio-8080-exec-7] INFO  c.example.usermanagement.controller.UserController - 成功获取用户列表, 共 3 条数据
2026-04-20 10:29:15.308 [http-nio-8080-exec-6] DEBUG c.example.usermanagement.controller.UserController - 获取所有用户列表
2026-04-20 10:29:15.308 [http-nio-8080-exec-6] DEBUG com.example.usermanagement.service.UserService - Service: 查询所有用户
2026-04-20 10:29:15.321 [http-nio-8080-exec-6] INFO  c.example.usermanagement.controller.UserController - 成功获取用户列表, 共 3 条数据
2026-04-20 10:29:17.460 [http-nio-8080-exec-8] DEBUG c.example.usermanagement.controller.UserController - 获取所有用户列表
2026-04-20 10:29:17.460 [http-nio-8080-exec-8] DEBUG com.example.usermanagement.service.UserService - Service: 查询所有用户
2026-04-20 10:29:17.469 [http-nio-8080-exec-8] INFO  c.example.usermanagement.controller.UserController - 成功获取用户列表, 共 3 条数据
2026-04-20 10:29:17.480 [http-nio-8080-exec-9] DEBUG c.example.usermanagement.controller.UserController - 获取所有用户列表
2026-04-20 10:29:17.481 [http-nio-8080-exec-9] DEBUG com.example.usermanagement.service.UserService - Service: 查询所有用户
2026-04-20 10:29:17.489 [http-nio-8080-exec-9] INFO  c.example.usermanagement.controller.UserController - 成功获取用户列表, 共 3 条数据
2026-04-20 10:29:19.621 [http-nio-8080-exec-1] DEBUG c.e.usermanagement.controller.TeacherController - 获取所有老师列表
2026-04-20 10:29:19.630 [http-nio-8080-exec-1] DEBUG com.example.usermanagement.service.TeacherService - Service: 查询所有老师
2026-04-20 10:29:19.759 [http-nio-8080-exec-1] INFO  c.e.usermanagement.controller.TeacherController - 成功获取老师列表, 共 99 条数据
2026-04-20 10:29:19.774 [http-nio-8080-exec-10] DEBUG c.e.usermanagement.controller.TeacherController - 获取所有老师列表
2026-04-20 10:29:19.774 [http-nio-8080-exec-10] DEBUG com.example.usermanagement.service.TeacherService - Service: 查询所有老师
2026-04-20 10:29:19.865 [http-nio-8080-exec-10] INFO  c.e.usermanagement.controller.TeacherController - 成功获取老师列表, 共 99 条数据
2026-04-20 10:29:24.721 [http-nio-8080-exec-3] DEBUG c.example.usermanagement.controller.UserController - 获取所有用户列表
2026-04-20 10:29:24.722 [http-nio-8080-exec-3] DEBUG com.example.usermanagement.service.UserService - Service: 查询所有用户
2026-04-20 10:29:24.733 [http-nio-8080-exec-3] INFO  c.example.usermanagement.controller.UserController - 成功获取用户列表, 共 3 条数据
2026-04-20 10:29:24.745 [http-nio-8080-exec-2] DEBUG c.example.usermanagement.controller.UserController - 获取所有用户列表
2026-04-20 10:29:24.745 [http-nio-8080-exec-2] DEBUG com.example.usermanagement.service.UserService - Service: 查询所有用户
2026-04-20 10:29:24.804 [http-nio-8080-exec-2] INFO  c.example.usermanagement.controller.UserController - 成功获取用户列表, 共 3 条数据
2026-04-20 10:32:08.817 [http-nio-8080-exec-4] DEBUG c.e.usermanagement.controller.TeacherController - 获取所有老师列表
2026-04-20 10:32:08.817 [http-nio-8080-exec-4] DEBUG com.example.usermanagement.service.TeacherService - Service: 查询所有老师
2026-04-20 10:32:08.846 [http-nio-8080-exec-4] INFO  c.e.usermanagement.controller.TeacherController - 成功获取老师列表, 共 99 条数据
2026-04-20 10:32:08.867 [http-nio-8080-exec-5] DEBUG c.e.usermanagement.controller.TeacherController - 获取所有老师列表
2026-04-20 10:32:08.869 [http-nio-8080-exec-5] DEBUG com.example.usermanagement.service.TeacherService - Service: 查询所有老师
2026-04-20 10:32:08.900 [http-nio-8080-exec-5] INFO  c.e.usermanagement.controller.TeacherController - 成功获取老师列表, 共 99 条数据
2026-04-20 10:45:03.514 [background-preinit] INFO  org.hibernate.validator.internal.util.Version - HV000001: Hibernate Validator 6.2.5.Final
2026-04-20 10:45:03.642 [main] INFO  c.example.usermanagement.UserManagementApplication - Starting UserManagementApplication using Java 1.8.0_421 on xuedongdeMacBook-Pro.local with PID 56224 (/Users/xuedong/CodeBuddy/ai-demo/backend/target/classes started by xuedong in /Users/xuedong/CodeBuddy/ai-demo/backend)
2026-04-20 10:45:03.643 [main] DEBUG c.example.usermanagement.UserManagementApplication - Running with Spring Boot v2.7.18, Spring v5.3.31
2026-04-20 10:45:03.645 [main] INFO  c.example.usermanagement.UserManagementApplication - No active profile set, falling back to 1 default profile: "default"
2026-04-20 10:45:05.785 [main] INFO  o.s.d.r.config.RepositoryConfigurationDelegate - Bootstrapping Spring Data JPA repositories in DEFAULT mode.
2026-04-20 10:45:05.895 [main] INFO  o.s.d.r.config.RepositoryConfigurationDelegate - Finished Spring Data repository scanning in 83 ms. Found 2 JPA repository interfaces.
2026-04-20 10:45:06.927 [main] INFO  o.s.boot.web.embedded.tomcat.TomcatWebServer - Tomcat initialized with port(s): 8080 (http)
2026-04-20 10:45:06.942 [main] INFO  org.apache.coyote.http11.Http11NioProtocol - Initializing ProtocolHandler ["http-nio-8080"]
2026-04-20 10:45:06.952 [main] INFO  org.apache.catalina.core.StandardService - Starting service [Tomcat]
2026-04-20 10:45:06.953 [main] INFO  org.apache.catalina.core.StandardEngine - Starting Servlet engine: [Apache Tomcat/9.0.83]
2026-04-20 10:45:07.510 [main] INFO  o.a.c.core.ContainerBase.[Tomcat].[localhost].[/] - Initializing Spring embedded WebApplicationContext
2026-04-20 10:45:07.510 [main] INFO  o.s.b.w.s.c.ServletWebServerApplicationContext - Root WebApplicationContext: initialization completed in 3689 ms
2026-04-20 10:45:07.795 [main] INFO  org.hibernate.jpa.internal.util.LogHelper - HHH000204: Processing PersistenceUnitInfo [name: default]
2026-04-20 10:45:07.870 [main] INFO  org.hibernate.Version - HHH000412: Hibernate ORM core version 5.6.15.Final
2026-04-20 10:45:08.116 [main] INFO  org.hibernate.annotations.common.Version - HCANN000001: Hibernate Commons Annotations {5.1.2.Final}
2026-04-20 10:45:08.266 [main] INFO  com.zaxxer.hikari.HikariDataSource - TeachingManagementHikariCP - Starting...
2026-04-20 10:45:08.584 [main] INFO  com.zaxxer.hikari.HikariDataSource - TeachingManagementHikariCP - Start completed.
2026-04-20 10:45:08.609 [main] INFO  org.hibernate.dialect.Dialect - HHH000400: Using dialect: org.hibernate.dialect.MySQL8Dialect
2026-04-20 10:45:09.875 [main] INFO  o.h.e.t.jta.platform.internal.JtaPlatformInitiator - HHH000490: Using JtaPlatform implementation: [org.hibernate.engine.transaction.jta.platform.internal.NoJtaPlatform]
2026-04-20 10:45:09.902 [main] INFO  o.s.orm.jpa.LocalContainerEntityManagerFactoryBean - Initialized JPA EntityManagerFactory for persistence unit 'default'
2026-04-20 10:45:10.639 [main] WARN  o.s.b.a.o.j.JpaBaseConfiguration$JpaWebConfiguration - spring.jpa.open-in-view is enabled by default. Therefore, database queries may be performed during view rendering. Explicitly configure spring.jpa.open-in-view to disable this warning
2026-04-20 10:45:11.206 [main] INFO  org.apache.coyote.http11.Http11NioProtocol - Starting ProtocolHandler ["http-nio-8080"]
2026-04-20 10:45:11.235 [main] INFO  o.s.boot.web.embedded.tomcat.TomcatWebServer - Tomcat started on port(s): 8080 (http) with context path ''
2026-04-20 10:45:11.245 [main] INFO  c.example.usermanagement.UserManagementApplication - Started UserManagementApplication in 9.286 seconds (JVM running for 11.633)
2026-04-20 10:45:11.436 [main] INFO  com.example.usermanagement.config.DataInitializer - 数据库中已有 3 条用户数据，跳过账号初始化
2026-04-20 10:45:11.464 [main] INFO  com.example.usermanagement.config.DataInitializer - 数据库中已有 99 条老师数据，跳过老师数据初始化
2026-04-20 10:45:11.466 [main] INFO  c.example.usermanagement.UserManagementApplication - 用户管理系统启动成功!
2026-04-20 10:45:57.260 [http-nio-8080-exec-1] INFO  o.a.c.core.ContainerBase.[Tomcat].[localhost].[/] - Initializing Spring DispatcherServlet 'dispatcherServlet'
2026-04-20 10:45:57.260 [http-nio-8080-exec-1] INFO  org.springframework.web.servlet.DispatcherServlet - Initializing Servlet 'dispatcherServlet'
2026-04-20 10:45:57.262 [http-nio-8080-exec-1] INFO  org.springframework.web.servlet.DispatcherServlet - Completed initialization in 1 ms
2026-04-20 10:45:57.604 [http-nio-8080-exec-2] WARN  o.s.security.crypto.bcrypt.BCryptPasswordEncoder - Empty encoded password
2026-04-20 10:46:11.562 [http-nio-8080-exec-3] WARN  o.s.security.crypto.bcrypt.BCryptPasswordEncoder - Empty encoded password
2026-04-20 10:46:17.011 [http-nio-8080-exec-4] WARN  o.s.security.crypto.bcrypt.BCryptPasswordEncoder - Empty encoded password
2026-04-20 10:47:39.527 [background-preinit] INFO  org.hibernate.validator.internal.util.Version - HV000001: Hibernate Validator 6.2.5.Final
2026-04-20 10:47:39.555 [main] INFO  c.example.usermanagement.UserManagementApplication - Starting UserManagementApplication using Java 1.8.0_421 on xuedongdeMacBook-Pro.local with PID 56739 (/Users/xuedong/CodeBuddy/ai-demo/backend/target/classes started by xuedong in /Users/xuedong/CodeBuddy/ai-demo/backend)
2026-04-20 10:47:39.555 [main] DEBUG c.example.usermanagement.UserManagementApplication - Running with Spring Boot v2.7.18, Spring v5.3.31
2026-04-20 10:47:39.556 [main] INFO  c.example.usermanagement.UserManagementApplication - No active profile set, falling back to 1 default profile: "default"
2026-04-20 10:47:40.802 [main] INFO  o.s.d.r.config.RepositoryConfigurationDelegate - Bootstrapping Spring Data JPA repositories in DEFAULT mode.
2026-04-20 10:47:40.910 [main] INFO  o.s.d.r.config.RepositoryConfigurationDelegate - Finished Spring Data repository scanning in 92 ms. Found 2 JPA repository interfaces.
2026-04-20 10:47:41.840 [main] INFO  o.s.boot.web.embedded.tomcat.TomcatWebServer - Tomcat initialized with port(s): 8080 (http)
2026-04-20 10:47:41.851 [main] INFO  org.apache.coyote.http11.Http11NioProtocol - Initializing ProtocolHandler ["http-nio-8080"]
2026-04-20 10:47:41.853 [main] INFO  org.apache.catalina.core.StandardService - Starting service [Tomcat]
2026-04-20 10:47:41.853 [main] INFO  org.apache.catalina.core.StandardEngine - Starting Servlet engine: [Apache Tomcat/9.0.83]
2026-04-20 10:47:42.184 [main] INFO  o.a.c.core.ContainerBase.[Tomcat].[localhost].[/] - Initializing Spring embedded WebApplicationContext
2026-04-20 10:47:42.185 [main] INFO  o.s.b.w.s.c.ServletWebServerApplicationContext - Root WebApplicationContext: initialization completed in 2564 ms
2026-04-20 10:47:42.349 [main] INFO  org.hibernate.jpa.internal.util.LogHelper - HHH000204: Processing PersistenceUnitInfo [name: default]
2026-04-20 10:47:42.451 [main] INFO  org.hibernate.Version - HHH000412: Hibernate ORM core version 5.6.15.Final
2026-04-20 10:47:42.700 [main] INFO  org.hibernate.annotations.common.Version - HCANN000001: Hibernate Commons Annotations {5.1.2.Final}
2026-04-20 10:47:42.966 [main] INFO  com.zaxxer.hikari.HikariDataSource - TeachingManagementHikariCP - Starting...
2026-04-20 10:47:43.263 [main] INFO  com.zaxxer.hikari.HikariDataSource - TeachingManagementHikariCP - Start completed.
2026-04-20 10:47:43.322 [main] INFO  org.hibernate.dialect.Dialect - HHH000400: Using dialect: org.hibernate.dialect.MySQL8Dialect
2026-04-20 10:47:44.729 [main] INFO  o.h.e.t.jta.platform.internal.JtaPlatformInitiator - HHH000490: Using JtaPlatform implementation: [org.hibernate.engine.transaction.jta.platform.internal.NoJtaPlatform]
2026-04-20 10:47:44.741 [main] INFO  o.s.orm.jpa.LocalContainerEntityManagerFactoryBean - Initialized JPA EntityManagerFactory for persistence unit 'default'
2026-04-20 10:47:46.417 [main] WARN  o.s.b.a.o.j.JpaBaseConfiguration$JpaWebConfiguration - spring.jpa.open-in-view is enabled by default. Therefore, database queries may be performed during view rendering. Explicitly configure spring.jpa.open-in-view to disable this warning
2026-04-20 10:47:47.141 [main] INFO  org.apache.coyote.http11.Http11NioProtocol - Starting ProtocolHandler ["http-nio-8080"]
2026-04-20 10:47:47.168 [main] INFO  o.s.boot.web.embedded.tomcat.TomcatWebServer - Tomcat started on port(s): 8080 (http) with context path ''
2026-04-20 10:47:47.180 [main] INFO  c.example.usermanagement.UserManagementApplication - Started UserManagementApplication in 9.266 seconds (JVM running for 11.061)
2026-04-20 10:47:47.333 [main] INFO  com.example.usermanagement.config.DataInitializer - 数据库中已有 3 条用户数据，跳过账号初始化
2026-04-20 10:47:47.351 [main] INFO  com.example.usermanagement.config.DataInitializer - 数据库中已有 99 条老师数据，跳过老师数据初始化
2026-04-20 10:47:47.353 [main] INFO  c.example.usermanagement.UserManagementApplication - 用户管理系统启动成功!
2026-04-20 10:47:53.309 [http-nio-8080-exec-1] INFO  o.a.c.core.ContainerBase.[Tomcat].[localhost].[/] - Initializing Spring DispatcherServlet 'dispatcherServlet'
2026-04-20 10:47:53.311 [http-nio-8080-exec-1] INFO  org.springframework.web.servlet.DispatcherServlet - Initializing Servlet 'dispatcherServlet'
2026-04-20 10:47:53.354 [http-nio-8080-exec-1] INFO  org.springframework.web.servlet.DispatcherServlet - Completed initialization in 12 ms
2026-04-20 10:47:53.975 [http-nio-8080-exec-1] INFO  com.example.usermanagement.service.AuthService - 用户 admin 密码为空，自动设置默认密码
2026-04-20 10:47:55.050 [http-nio-8080-exec-2] DEBUG c.example.usermanagement.controller.UserController - 获取所有用户列表
2026-04-20 10:47:55.066 [http-nio-8080-exec-2] DEBUG com.example.usermanagement.service.UserService - Service: 查询所有用户
2026-04-20 10:47:55.108 [http-nio-8080-exec-2] INFO  c.example.usermanagement.controller.UserController - 成功获取用户列表, 共 3 条数据
2026-04-20 10:47:55.387 [http-nio-8080-exec-3] DEBUG c.example.usermanagement.controller.UserController - 获取所有用户列表
2026-04-20 10:47:55.388 [http-nio-8080-exec-3] DEBUG com.example.usermanagement.service.UserService - Service: 查询所有用户
2026-04-20 10:47:55.446 [http-nio-8080-exec-3] INFO  c.example.usermanagement.controller.UserController - 成功获取用户列表, 共 3 条数据
2026-04-20 10:51:50.130 [http-nio-8080-exec-6] DEBUG c.example.usermanagement.controller.UserController - 获取所有用户列表
2026-04-20 10:51:50.134 [http-nio-8080-exec-6] DEBUG com.example.usermanagement.service.UserService - Service: 查询所有用户
2026-04-20 10:51:50.149 [http-nio-8080-exec-6] INFO  c.example.usermanagement.controller.UserController - 成功获取用户列表, 共 3 条数据
2026-04-20 10:51:50.159 [http-nio-8080-exec-7] DEBUG c.example.usermanagement.controller.UserController - 获取所有用户列表
2026-04-20 10:51:50.160 [http-nio-8080-exec-7] DEBUG com.example.usermanagement.service.UserService - Service: 查询所有用户
2026-04-20 10:51:50.178 [http-nio-8080-exec-7] INFO  c.example.usermanagement.controller.UserController - 成功获取用户列表, 共 3 条数据
2026-04-20 10:52:01.154 [http-nio-8080-exec-8] DEBUG c.example.usermanagement.controller.UserController - 获取所有用户列表
2026-04-20 10:52:01.157 [http-nio-8080-exec-8] DEBUG com.example.usermanagement.service.UserService - Service: 查询所有用户
2026-04-20 10:52:01.175 [http-nio-8080-exec-8] INFO  c.example.usermanagement.controller.UserController - 成功获取用户列表, 共 3 条数据
2026-04-20 10:52:01.194 [http-nio-8080-exec-9] DEBUG c.example.usermanagement.controller.UserController - 获取所有用户列表
2026-04-20 10:52:01.195 [http-nio-8080-exec-9] DEBUG com.example.usermanagement.service.UserService - Service: 查询所有用户
2026-04-20 10:52:01.220 [http-nio-8080-exec-9] INFO  c.example.usermanagement.controller.UserController - 成功获取用户列表, 共 3 条数据
2026-04-20 10:52:09.680 [http-nio-8080-exec-10] DEBUG c.example.usermanagement.controller.UserController - 获取所有用户列表
2026-04-20 10:52:09.756 [http-nio-8080-exec-10] DEBUG com.example.usermanagement.service.UserService - Service: 查询所有用户
2026-04-20 10:52:09.862 [http-nio-8080-exec-10] INFO  c.example.usermanagement.controller.UserController - 成功获取用户列表, 共 3 条数据
2026-04-20 10:52:10.105 [http-nio-8080-exec-1] DEBUG c.example.usermanagement.controller.UserController - 获取所有用户列表
2026-04-20 10:52:10.105 [http-nio-8080-exec-1] DEBUG com.example.usermanagement.service.UserService - Service: 查询所有用户
2026-04-20 10:52:10.133 [http-nio-8080-exec-1] INFO  c.example.usermanagement.controller.UserController - 成功获取用户列表, 共 3 条数据
2026-04-20 10:58:49.987 [background-preinit] INFO  org.hibernate.validator.internal.util.Version - HV000001: Hibernate Validator 6.2.5.Final
2026-04-20 10:58:49.997 [main] INFO  c.example.usermanagement.UserManagementApplication - Starting UserManagementApplication using Java 1.8.0_421 on xuedongdeMacBook-Pro.local with PID 58554 (/Users/xuedong/CodeBuddy/ai-demo/backend/target/classes started by xuedong in /Users/xuedong/CodeBuddy/ai-demo/backend)
2026-04-20 10:58:49.998 [main] DEBUG c.example.usermanagement.UserManagementApplication - Running with Spring Boot v2.7.18, Spring v5.3.31
2026-04-20 10:58:50.003 [main] INFO  c.example.usermanagement.UserManagementApplication - No active profile set, falling back to 1 default profile: "default"
2026-04-20 10:58:51.110 [main] INFO  o.s.d.r.config.RepositoryConfigurationDelegate - Bootstrapping Spring Data JPA repositories in DEFAULT mode.
2026-04-20 10:58:51.277 [main] INFO  o.s.d.r.config.RepositoryConfigurationDelegate - Finished Spring Data repository scanning in 154 ms. Found 2 JPA repository interfaces.
2026-04-20 10:58:52.330 [main] INFO  o.s.boot.web.embedded.tomcat.TomcatWebServer - Tomcat initialized with port(s): 8080 (http)
2026-04-20 10:58:52.342 [main] INFO  org.apache.coyote.http11.Http11NioProtocol - Initializing ProtocolHandler ["http-nio-8080"]
2026-04-20 10:58:52.344 [main] INFO  org.apache.catalina.core.StandardService - Starting service [Tomcat]
2026-04-20 10:58:52.344 [main] INFO  org.apache.catalina.core.StandardEngine - Starting Servlet engine: [Apache Tomcat/9.0.83]
2026-04-20 10:58:52.650 [main] INFO  o.a.c.core.ContainerBase.[Tomcat].[localhost].[/] - Initializing Spring embedded WebApplicationContext
2026-04-20 10:58:52.650 [main] INFO  o.s.b.w.s.c.ServletWebServerApplicationContext - Root WebApplicationContext: initialization completed in 2512 ms
2026-04-20 10:58:52.810 [main] INFO  org.hibernate.jpa.internal.util.LogHelper - HHH000204: Processing PersistenceUnitInfo [name: default]
2026-04-20 10:58:52.871 [main] INFO  org.hibernate.Version - HHH000412: Hibernate ORM core version 5.6.15.Final
2026-04-20 10:58:53.053 [main] INFO  org.hibernate.annotations.common.Version - HCANN000001: Hibernate Commons Annotations {5.1.2.Final}
2026-04-20 10:58:53.188 [main] INFO  com.zaxxer.hikari.HikariDataSource - TeachingManagementHikariCP - Starting...
2026-04-20 10:58:53.402 [main] INFO  com.zaxxer.hikari.HikariDataSource - TeachingManagementHikariCP - Start completed.
2026-04-20 10:58:53.422 [main] INFO  org.hibernate.dialect.Dialect - HHH000400: Using dialect: org.hibernate.dialect.MySQL8Dialect
2026-04-20 10:58:54.547 [main] INFO  o.h.e.t.jta.platform.internal.JtaPlatformInitiator - HHH000490: Using JtaPlatform implementation: [org.hibernate.engine.transaction.jta.platform.internal.NoJtaPlatform]
2026-04-20 10:58:54.568 [main] INFO  o.s.orm.jpa.LocalContainerEntityManagerFactoryBean - Initialized JPA EntityManagerFactory for persistence unit 'default'
2026-04-20 10:58:55.241 [main] WARN  o.s.b.a.o.j.JpaBaseConfiguration$JpaWebConfiguration - spring.jpa.open-in-view is enabled by default. Therefore, database queries may be performed during view rendering. Explicitly configure spring.jpa.open-in-view to disable this warning
2026-04-20 10:58:55.885 [main] INFO  org.apache.coyote.http11.Http11NioProtocol - Starting ProtocolHandler ["http-nio-8080"]
2026-04-20 10:58:55.914 [main] INFO  o.s.boot.web.embedded.tomcat.TomcatWebServer - Tomcat started on port(s): 8080 (http) with context path ''
2026-04-20 10:58:55.927 [main] INFO  c.example.usermanagement.UserManagementApplication - Started UserManagementApplication in 7.057 seconds (JVM running for 8.896)
2026-04-20 10:58:56.086 [main] INFO  com.example.usermanagement.config.DataInitializer - 数据库中已有 3 条用户数据，跳过账号初始化
2026-04-20 10:58:56.106 [main] INFO  com.example.usermanagement.config.DataInitializer - 数据库中已有 99 条老师数据，跳过老师数据初始化
2026-04-20 10:58:56.107 [main] INFO  c.example.usermanagement.UserManagementApplication - 用户管理系统启动成功!
2026-04-20 10:59:01.551 [http-nio-8080-exec-1] INFO  o.a.c.core.ContainerBase.[Tomcat].[localhost].[/] - Initializing Spring DispatcherServlet 'dispatcherServlet'
2026-04-20 10:59:01.552 [http-nio-8080-exec-1] INFO  org.springframework.web.servlet.DispatcherServlet - Initializing Servlet 'dispatcherServlet'
2026-04-20 10:59:01.553 [http-nio-8080-exec-1] INFO  org.springframework.web.servlet.DispatcherServlet - Completed initialization in 1 ms
2026-04-20 11:00:26.692 [http-nio-8080-exec-10] DEBUG c.example.usermanagement.controller.UserController - 获取所有用户列表
2026-04-20 11:00:26.718 [http-nio-8080-exec-10] DEBUG com.example.usermanagement.service.UserService - Service: 查询所有用户
2026-04-20 11:00:27.157 [http-nio-8080-exec-10] INFO  c.example.usermanagement.controller.UserController - 成功获取用户列表, 共 3 条数据
2026-04-20 11:00:39.966 [http-nio-8080-exec-1] DEBUG c.example.usermanagement.controller.UserController - 获取所有用户列表
2026-04-20 11:00:39.966 [http-nio-8080-exec-1] DEBUG com.example.usermanagement.service.UserService - Service: 查询所有用户
2026-04-20 11:00:40.065 [http-nio-8080-exec-1] INFO  c.example.usermanagement.controller.UserController - 成功获取用户列表, 共 3 条数据
2026-04-20 11:00:40.077 [http-nio-8080-exec-1] DEBUG c.example.usermanagement.controller.UserController - 获取所有用户列表
2026-04-20 11:00:40.077 [http-nio-8080-exec-1] DEBUG com.example.usermanagement.service.UserService - Service: 查询所有用户
2026-04-20 11:00:40.100 [http-nio-8080-exec-1] INFO  c.example.usermanagement.controller.UserController - 成功获取用户列表, 共 3 条数据
2026-04-20 11:00:51.167 [http-nio-8080-exec-3] DEBUG c.example.usermanagement.controller.UserController - 获取所有用户列表
2026-04-20 11:00:51.168 [http-nio-8080-exec-3] DEBUG com.example.usermanagement.service.UserService - Service: 查询所有用户
2026-04-20 11:00:51.217 [http-nio-8080-exec-3] INFO  c.example.usermanagement.controller.UserController - 成功获取用户列表, 共 3 条数据
2026-04-20 11:00:51.223 [http-nio-8080-exec-4] DEBUG c.example.usermanagement.controller.UserController - 获取所有用户列表
2026-04-20 11:00:51.223 [http-nio-8080-exec-4] DEBUG com.example.usermanagement.service.UserService - Service: 查询所有用户
2026-04-20 11:00:51.247 [http-nio-8080-exec-4] INFO  c.example.usermanagement.controller.UserController - 成功获取用户列表, 共 3 条数据
2026-04-20 11:02:18.164 [http-nio-8080-exec-8] DEBUG c.example.usermanagement.controller.UserController - 获取所有用户列表
2026-04-20 11:02:18.165 [http-nio-8080-exec-8] DEBUG com.example.usermanagement.service.UserService - Service: 查询所有用户
2026-04-20 11:02:18.178 [http-nio-8080-exec-8] INFO  c.example.usermanagement.controller.UserController - 成功获取用户列表, 共 3 条数据
2026-04-20 11:02:18.186 [http-nio-8080-exec-9] DEBUG c.example.usermanagement.controller.UserController - 获取所有用户列表
2026-04-20 11:02:18.187 [http-nio-8080-exec-9] DEBUG com.example.usermanagement.service.UserService - Service: 查询所有用户
2026-04-20 11:02:18.202 [http-nio-8080-exec-9] INFO  c.example.usermanagement.controller.UserController - 成功获取用户列表, 共 3 条数据
2026-04-20 11:13:08.326 [http-nio-8080-exec-4] DEBUG c.e.usermanagement.controller.TeacherController - 获取所有老师列表
2026-04-20 11:13:08.359 [http-nio-8080-exec-4] DEBUG com.example.usermanagement.service.TeacherService - Service: 查询所有老师
2026-04-20 11:13:08.428 [http-nio-8080-exec-4] INFO  c.e.usermanagement.controller.TeacherController - 成功获取老师列表, 共 99 条数据
2026-04-20 11:13:08.631 [http-nio-8080-exec-6] DEBUG c.e.usermanagement.controller.TeacherController - 获取所有老师列表
2026-04-20 11:13:08.634 [http-nio-8080-exec-6] DEBUG com.example.usermanagement.service.TeacherService - Service: 查询所有老师
2026-04-20 11:13:08.677 [http-nio-8080-exec-6] INFO  c.e.usermanagement.controller.TeacherController - 成功获取老师列表, 共 99 条数据
2026-04-20 11:13:13.010 [http-nio-8080-exec-5] DEBUG c.example.usermanagement.controller.UserController - 获取所有用户列表
2026-04-20 11:13:13.010 [http-nio-8080-exec-5] DEBUG com.example.usermanagement.service.UserService - Service: 查询所有用户
2026-04-20 11:13:13.022 [http-nio-8080-exec-5] INFO  c.example.usermanagement.controller.UserController - 成功获取用户列表, 共 3 条数据
2026-04-20 11:13:13.029 [http-nio-8080-exec-7] DEBUG c.example.usermanagement.controller.UserController - 获取所有用户列表
2026-04-20 11:13:13.030 [http-nio-8080-exec-7] DEBUG com.example.usermanagement.service.UserService - Service: 查询所有用户
2026-04-20 11:13:13.040 [http-nio-8080-exec-7] INFO  c.example.usermanagement.controller.UserController - 成功获取用户列表, 共 3 条数据
2026-04-20 13:43:57.396 [http-nio-8080-exec-3] DEBUG c.example.usermanagement.controller.UserController - 获取所有用户列表
2026-04-20 13:43:57.410 [http-nio-8080-exec-3] DEBUG com.example.usermanagement.service.UserService - Service: 查询所有用户
2026-04-20 13:43:57.524 [http-nio-8080-exec-3] INFO  c.example.usermanagement.controller.UserController - 成功获取用户列表, 共 3 条数据
2026-04-20 13:43:57.545 [http-nio-8080-exec-4] DEBUG c.example.usermanagement.controller.UserController - 获取所有用户列表
2026-04-20 13:43:57.546 [http-nio-8080-exec-4] DEBUG com.example.usermanagement.service.UserService - Service: 查询所有用户
2026-04-20 13:43:57.589 [http-nio-8080-exec-4] INFO  c.example.usermanagement.controller.UserController - 成功获取用户列表, 共 3 条数据
2026-04-20 13:45:38.992 [http-nio-8080-exec-8] DEBUG c.example.usermanagement.controller.UserController - 获取所有用户列表
2026-04-20 13:45:38.993 [http-nio-8080-exec-8] DEBUG com.example.usermanagement.service.UserService - Service: 查询所有用户
2026-04-20 13:45:39.011 [http-nio-8080-exec-8] INFO  c.example.usermanagement.controller.UserController - 成功获取用户列表, 共 3 条数据
2026-04-20 13:45:39.022 [http-nio-8080-exec-8] DEBUG c.example.usermanagement.controller.UserController - 获取所有用户列表
2026-04-20 13:45:39.023 [http-nio-8080-exec-8] DEBUG com.example.usermanagement.service.UserService - Service: 查询所有用户
2026-04-20 13:45:39.034 [http-nio-8080-exec-8] INFO  c.example.usermanagement.controller.UserController - 成功获取用户列表, 共 3 条数据
2026-04-20 13:46:07.158 [http-nio-8080-exec-10] DEBUG c.e.usermanagement.controller.TeacherController - 获取所有老师列表
2026-04-20 13:46:07.161 [http-nio-8080-exec-10] DEBUG com.example.usermanagement.service.TeacherService - Service: 查询所有老师
2026-04-20 13:46:07.340 [http-nio-8080-exec-10] INFO  c.e.usermanagement.controller.TeacherController - 成功获取老师列表, 共 99 条数据
2026-04-20 13:46:07.420 [http-nio-8080-exec-2] DEBUG c.e.usermanagement.controller.TeacherController - 获取所有老师列表
2026-04-20 13:46:07.420 [http-nio-8080-exec-2] DEBUG com.example.usermanagement.service.TeacherService - Service: 查询所有老师
2026-04-20 13:46:07.479 [http-nio-8080-exec-2] INFO  c.e.usermanagement.controller.TeacherController - 成功获取老师列表, 共 99 条数据
2026-04-20 13:59:56.364 [SpringApplicationShutdownHook] INFO  o.s.orm.jpa.LocalContainerEntityManagerFactoryBean - Closing JPA EntityManagerFactory for persistence unit 'default'
2026-04-20 13:59:56.448 [SpringApplicationShutdownHook] INFO  com.zaxxer.hikari.HikariDataSource - TeachingManagementHikariCP - Shutdown initiated...
2026-04-20 13:59:56.465 [SpringApplicationShutdownHook] INFO  com.zaxxer.hikari.HikariDataSource - TeachingManagementHikariCP - Shutdown completed.
2026-04-20 14:01:05.499 [background-preinit] INFO  org.hibernate.validator.internal.util.Version - HV000001: Hibernate Validator 6.2.5.Final
2026-04-20 14:01:05.563 [main] INFO  c.example.usermanagement.UserManagementApplication - Starting UserManagementApplication using Java 1.8.0_421 on xuedongdeMacBook-Pro.local with PID 85450 (/Users/xuedong/CodeBuddy/ai-demo/backend/target/classes started by xuedong in /Users/xuedong/CodeBuddy/ai-demo/backend)
2026-04-20 14:01:05.564 [main] DEBUG c.example.usermanagement.UserManagementApplication - Running with Spring Boot v2.7.18, Spring v5.3.31
2026-04-20 14:01:05.565 [main] INFO  c.example.usermanagement.UserManagementApplication - No active profile set, falling back to 1 default profile: "default"
2026-04-20 14:01:07.051 [main] INFO  o.s.d.r.config.RepositoryConfigurationDelegate - Bootstrapping Spring Data JPA repositories in DEFAULT mode.
2026-04-20 14:01:07.149 [main] INFO  o.s.d.r.config.RepositoryConfigurationDelegate - Finished Spring Data repository scanning in 81 ms. Found 2 JPA repository interfaces.
2026-04-20 14:01:07.841 [main] INFO  o.s.boot.web.embedded.tomcat.TomcatWebServer - Tomcat initialized with port(s): 8080 (http)
2026-04-20 14:01:07.850 [main] INFO  org.apache.coyote.http11.Http11NioProtocol - Initializing ProtocolHandler ["http-nio-8080"]
2026-04-20 14:01:07.852 [main] INFO  org.apache.catalina.core.StandardService - Starting service [Tomcat]
2026-04-20 14:01:07.852 [main] INFO  org.apache.catalina.core.StandardEngine - Starting Servlet engine: [Apache Tomcat/9.0.83]
2026-04-20 14:01:08.100 [main] INFO  o.a.c.core.ContainerBase.[Tomcat].[localhost].[/] - Initializing Spring embedded WebApplicationContext
2026-04-20 14:01:08.101 [main] INFO  o.s.b.w.s.c.ServletWebServerApplicationContext - Root WebApplicationContext: initialization completed in 2399 ms
2026-04-20 14:01:08.327 [main] INFO  org.hibernate.jpa.internal.util.LogHelper - HHH000204: Processing PersistenceUnitInfo [name: default]
2026-04-20 14:01:08.409 [main] INFO  org.hibernate.Version - HHH000412: Hibernate ORM core version 5.6.15.Final
2026-04-20 14:01:08.652 [main] INFO  org.hibernate.annotations.common.Version - HCANN000001: Hibernate Commons Annotations {5.1.2.Final}
2026-04-20 14:01:08.829 [main] INFO  com.zaxxer.hikari.HikariDataSource - TeachingManagementHikariCP - Starting...
2026-04-20 14:01:09.176 [main] INFO  com.zaxxer.hikari.HikariDataSource - TeachingManagementHikariCP - Start completed.
2026-04-20 14:01:09.201 [main] INFO  org.hibernate.dialect.Dialect - HHH000400: Using dialect: org.hibernate.dialect.MySQL8Dialect
2026-04-20 14:01:10.367 [main] INFO  o.h.e.t.jta.platform.internal.JtaPlatformInitiator - HHH000490: Using JtaPlatform implementation: [org.hibernate.engine.transaction.jta.platform.internal.NoJtaPlatform]
2026-04-20 14:01:10.389 [main] INFO  o.s.orm.jpa.LocalContainerEntityManagerFactoryBean - Initialized JPA EntityManagerFactory for persistence unit 'default'
2026-04-20 14:01:11.036 [main] WARN  o.s.b.a.o.j.JpaBaseConfiguration$JpaWebConfiguration - spring.jpa.open-in-view is enabled by default. Therefore, database queries may be performed during view rendering. Explicitly configure spring.jpa.open-in-view to disable this warning
2026-04-20 14:01:11.934 [main] INFO  org.apache.coyote.http11.Http11NioProtocol - Starting ProtocolHandler ["http-nio-8080"]
2026-04-20 14:01:11.984 [main] INFO  o.s.boot.web.embedded.tomcat.TomcatWebServer - Tomcat started on port(s): 8080 (http) with context path ''
2026-04-20 14:01:12.002 [main] INFO  c.example.usermanagement.UserManagementApplication - Started UserManagementApplication in 7.871 seconds (JVM running for 9.472)
2026-04-20 14:01:12.621 [main] INFO  com.example.usermanagement.config.DataInitializer - 数据库中已有 3 条用户数据，跳过账号初始化
2026-04-20 14:01:12.650 [main] INFO  com.example.usermanagement.config.DataInitializer - 数据库中已有 99 条老师数据，跳过老师数据初始化
2026-04-20 14:01:12.653 [main] INFO  c.example.usermanagement.UserManagementApplication - 用户管理系统启动成功!
2026-04-20 14:01:31.746 [http-nio-8080-exec-1] INFO  o.a.c.core.ContainerBase.[Tomcat].[localhost].[/] - Initializing Spring DispatcherServlet 'dispatcherServlet'
2026-04-20 14:01:31.747 [http-nio-8080-exec-1] INFO  org.springframework.web.servlet.DispatcherServlet - Initializing Servlet 'dispatcherServlet'
2026-04-20 14:01:31.752 [http-nio-8080-exec-1] INFO  org.springframework.web.servlet.DispatcherServlet - Completed initialization in 4 ms
2026-04-20 14:01:31.830 [http-nio-8080-exec-1] DEBUG c.e.usermanagement.controller.TeacherController - 获取所有老师列表
2026-04-20 14:01:31.838 [http-nio-8080-exec-1] DEBUG com.example.usermanagement.service.TeacherService - Service: 查询所有老师
2026-04-20 14:01:31.936 [http-nio-8080-exec-1] INFO  c.e.usermanagement.controller.TeacherController - 成功获取老师列表, 共 99 条数据
2026-04-20 14:01:32.154 [http-nio-8080-exec-2] DEBUG c.e.usermanagement.controller.TeacherController - 获取所有老师列表
2026-04-20 14:01:32.154 [http-nio-8080-exec-2] DEBUG com.example.usermanagement.service.TeacherService - Service: 查询所有老师
2026-04-20 14:01:32.279 [http-nio-8080-exec-2] INFO  c.e.usermanagement.controller.TeacherController - 成功获取老师列表, 共 99 条数据
2026-04-20 14:01:45.093 [http-nio-8080-exec-4] DEBUG c.example.usermanagement.controller.UserController - 获取所有用户列表
2026-04-20 14:01:45.100 [http-nio-8080-exec-4] DEBUG com.example.usermanagement.service.UserService - Service: 查询所有用户
2026-04-20 14:01:45.118 [http-nio-8080-exec-4] INFO  c.example.usermanagement.controller.UserController - 成功获取用户列表, 共 3 条数据
2026-04-20 14:01:45.137 [http-nio-8080-exec-5] DEBUG c.example.usermanagement.controller.UserController - 获取所有用户列表
2026-04-20 14:01:45.137 [http-nio-8080-exec-5] DEBUG com.example.usermanagement.service.UserService - Service: 查询所有用户
2026-04-20 14:01:45.153 [http-nio-8080-exec-5] INFO  c.example.usermanagement.controller.UserController - 成功获取用户列表, 共 3 条数据
2026-04-20 14:08:13.290 [background-preinit] INFO  org.hibernate.validator.internal.util.Version - HV000001: Hibernate Validator 6.2.5.Final
2026-04-20 14:08:13.572 [main] INFO  c.example.usermanagement.UserManagementApplication - Starting UserManagementApplication using Java 1.8.0_421 on xuedongdeMacBook-Pro.local with PID 86808 (/Users/xuedong/CodeBuddy/ai-demo/backend/target/classes started by xuedong in /Users/xuedong/CodeBuddy/ai-demo/backend)
2026-04-20 14:08:13.574 [main] DEBUG c.example.usermanagement.UserManagementApplication - Running with Spring Boot v2.7.18, Spring v5.3.31
2026-04-20 14:08:13.576 [main] INFO  c.example.usermanagement.UserManagementApplication - No active profile set, falling back to 1 default profile: "default"
2026-04-20 14:08:19.217 [main] INFO  o.s.d.r.config.RepositoryConfigurationDelegate - Bootstrapping Spring Data JPA repositories in DEFAULT mode.
2026-04-20 14:08:19.538 [main] INFO  o.s.d.r.config.RepositoryConfigurationDelegate - Finished Spring Data repository scanning in 264 ms. Found 2 JPA repository interfaces.
2026-04-20 14:08:21.359 [main] INFO  o.s.boot.web.embedded.tomcat.TomcatWebServer - Tomcat initialized with port(s): 8080 (http)
2026-04-20 14:08:21.367 [main] INFO  org.apache.coyote.http11.Http11NioProtocol - Initializing ProtocolHandler ["http-nio-8080"]
2026-04-20 14:08:21.369 [main] INFO  org.apache.catalina.core.StandardService - Starting service [Tomcat]
2026-04-20 14:08:21.369 [main] INFO  org.apache.catalina.core.StandardEngine - Starting Servlet engine: [Apache Tomcat/9.0.83]
2026-04-20 14:08:21.838 [main] INFO  o.a.c.core.ContainerBase.[Tomcat].[localhost].[/] - Initializing Spring embedded WebApplicationContext
2026-04-20 14:08:21.840 [main] INFO  o.s.b.w.s.c.ServletWebServerApplicationContext - Root WebApplicationContext: initialization completed in 8001 ms
2026-04-20 14:08:22.255 [main] INFO  org.hibernate.jpa.internal.util.LogHelper - HHH000204: Processing PersistenceUnitInfo [name: default]
2026-04-20 14:08:22.364 [main] INFO  org.hibernate.Version - HHH000412: Hibernate ORM core version 5.6.15.Final
2026-04-20 14:08:22.771 [main] INFO  org.hibernate.annotations.common.Version - HCANN000001: Hibernate Commons Annotations {5.1.2.Final}
2026-04-20 14:08:23.026 [main] INFO  com.zaxxer.hikari.HikariDataSource - TeachingManagementHikariCP - Starting...
2026-04-20 14:08:24.333 [main] INFO  com.zaxxer.hikari.HikariDataSource - TeachingManagementHikariCP - Start completed.
2026-04-20 14:08:24.354 [main] INFO  org.hibernate.dialect.Dialect - HHH000400: Using dialect: org.hibernate.dialect.MySQL8Dialect
2026-04-20 14:08:26.911 [main] INFO  o.h.e.t.jta.platform.internal.JtaPlatformInitiator - HHH000490: Using JtaPlatform implementation: [org.hibernate.engine.transaction.jta.platform.internal.NoJtaPlatform]
2026-04-20 14:08:27.018 [main] INFO  o.s.orm.jpa.LocalContainerEntityManagerFactoryBean - Initialized JPA EntityManagerFactory for persistence unit 'default'
2026-04-20 14:08:29.450 [main] WARN  o.s.b.a.o.j.JpaBaseConfiguration$JpaWebConfiguration - spring.jpa.open-in-view is enabled by default. Therefore, database queries may be performed during view rendering. Explicitly configure spring.jpa.open-in-view to disable this warning
2026-04-20 14:08:30.221 [main] INFO  org.apache.coyote.http11.Http11NioProtocol - Starting ProtocolHandler ["http-nio-8080"]
2026-04-20 14:08:30.256 [main] INFO  o.s.boot.web.embedded.tomcat.TomcatWebServer - Tomcat started on port(s): 8080 (http) with context path ''
2026-04-20 14:08:30.269 [main] INFO  c.example.usermanagement.UserManagementApplication - Started UserManagementApplication in 21.747 seconds (JVM running for 24.315)
2026-04-20 14:08:30.538 [main] INFO  com.example.usermanagement.config.DataInitializer - 数据库中已有 3 条用户数据，跳过账号初始化
2026-04-20 14:08:30.554 [main] INFO  com.example.usermanagement.config.DataInitializer - 数据库中已有 99 条老师数据，跳过老师数据初始化
2026-04-20 14:08:30.555 [main] INFO  c.example.usermanagement.UserManagementApplication - 用户管理系统启动成功!
2026-04-20 14:08:38.272 [http-nio-8080-exec-1] INFO  o.a.c.core.ContainerBase.[Tomcat].[localhost].[/] - Initializing Spring DispatcherServlet 'dispatcherServlet'
2026-04-20 14:08:38.272 [http-nio-8080-exec-1] INFO  org.springframework.web.servlet.DispatcherServlet - Initializing Servlet 'dispatcherServlet'
2026-04-20 14:08:38.273 [http-nio-8080-exec-1] INFO  org.springframework.web.servlet.DispatcherServlet - Completed initialization in 1 ms
2026-04-20 14:08:58.117 [http-nio-8080-exec-3] INFO  c.example.usermanagement.controller.UserController - 收到修改密码请求
2026-04-20 14:08:58.118 [http-nio-8080-exec-3] INFO  c.example.usermanagement.controller.UserController - oldPassword: ***, newPassword: ***
2026-04-20 14:08:58.119 [http-nio-8080-exec-3] INFO  c.example.usermanagement.controller.UserController - 从Token解析的用户名: admin
2026-04-20 14:08:58.124 [http-nio-8080-exec-3] INFO  c.example.usermanagement.controller.UserController - 用户密码状态: 已设置
2026-04-20 14:08:58.222 [http-nio-8080-exec-3] INFO  c.example.usermanagement.controller.UserController - 原密码验证结果: false
2026-04-20 14:08:58.222 [http-nio-8080-exec-3] WARN  c.example.usermanagement.controller.UserController - 原密码错误，用户名: admin
2026-04-20 14:09:03.422 [http-nio-8080-exec-4] INFO  c.example.usermanagement.controller.UserController - 收到修改密码请求
2026-04-20 14:09:03.422 [http-nio-8080-exec-4] INFO  c.example.usermanagement.controller.UserController - oldPassword: ***, newPassword: ***
2026-04-20 14:09:03.429 [http-nio-8080-exec-4] INFO  c.example.usermanagement.controller.UserController - 从Token解析的用户名: admin
2026-04-20 14:09:03.434 [http-nio-8080-exec-4] INFO  c.example.usermanagement.controller.UserController - 用户密码状态: 已设置
2026-04-20 14:09:03.621 [http-nio-8080-exec-4] INFO  c.example.usermanagement.controller.UserController - 原密码验证结果: false
2026-04-20 14:09:03.622 [http-nio-8080-exec-4] WARN  c.example.usermanagement.controller.UserController - 原密码错误，用户名: admin
2026-04-20 14:12:22.137 [background-preinit] INFO  org.hibernate.validator.internal.util.Version - HV000001: Hibernate Validator 6.2.5.Final
2026-04-20 14:12:22.298 [main] INFO  c.example.usermanagement.UserManagementApplication - Starting UserManagementApplication using Java 1.8.0_421 on xuedongdeMacBook-Pro.local with PID 87552 (/Users/xuedong/CodeBuddy/ai-demo/backend/target/classes started by xuedong in /Users/xuedong/CodeBuddy/ai-demo/backend)
2026-04-20 14:12:22.299 [main] DEBUG c.example.usermanagement.UserManagementApplication - Running with Spring Boot v2.7.18, Spring v5.3.31
2026-04-20 14:12:22.300 [main] INFO  c.example.usermanagement.UserManagementApplication - No active profile set, falling back to 1 default profile: "default"
2026-04-20 14:12:24.434 [main] INFO  o.s.d.r.config.RepositoryConfigurationDelegate - Bootstrapping Spring Data JPA repositories in DEFAULT mode.
2026-04-20 14:12:24.508 [main] INFO  o.s.d.r.config.RepositoryConfigurationDelegate - Finished Spring Data repository scanning in 59 ms. Found 2 JPA repository interfaces.
2026-04-20 14:12:25.199 [main] INFO  o.s.boot.web.embedded.tomcat.TomcatWebServer - Tomcat initialized with port(s): 8080 (http)
2026-04-20 14:12:25.212 [main] INFO  org.apache.coyote.http11.Http11NioProtocol - Initializing ProtocolHandler ["http-nio-8080"]
2026-04-20 14:12:25.214 [main] INFO  org.apache.catalina.core.StandardService - Starting service [Tomcat]
2026-04-20 14:12:25.214 [main] INFO  org.apache.catalina.core.StandardEngine - Starting Servlet engine: [Apache Tomcat/9.0.83]
2026-04-20 14:12:26.622 [main] INFO  o.a.c.core.ContainerBase.[Tomcat].[localhost].[/] - Initializing Spring embedded WebApplicationContext
2026-04-20 14:12:26.622 [main] INFO  o.s.b.w.s.c.ServletWebServerApplicationContext - Root WebApplicationContext: initialization completed in 4229 ms
2026-04-20 14:12:26.925 [main] INFO  org.hibernate.jpa.internal.util.LogHelper - HHH000204: Processing PersistenceUnitInfo [name: default]
2026-04-20 14:12:27.272 [main] INFO  org.hibernate.Version - HHH000412: Hibernate ORM core version 5.6.15.Final
2026-04-20 14:12:28.349 [main] INFO  org.hibernate.annotations.common.Version - HCANN000001: Hibernate Commons Annotations {5.1.2.Final}
2026-04-20 14:12:28.862 [main] INFO  com.zaxxer.hikari.HikariDataSource - TeachingManagementHikariCP - Starting...
2026-04-20 14:12:29.597 [main] INFO  com.zaxxer.hikari.HikariDataSource - TeachingManagementHikariCP - Start completed.
2026-04-20 14:12:29.651 [main] INFO  org.hibernate.dialect.Dialect - HHH000400: Using dialect: org.hibernate.dialect.MySQL8Dialect
2026-04-20 14:12:32.093 [main] INFO  o.h.e.t.jta.platform.internal.JtaPlatformInitiator - HHH000490: Using JtaPlatform implementation: [org.hibernate.engine.transaction.jta.platform.internal.NoJtaPlatform]
2026-04-20 14:12:32.107 [main] INFO  o.s.orm.jpa.LocalContainerEntityManagerFactoryBean - Initialized JPA EntityManagerFactory for persistence unit 'default'
2026-04-20 14:12:32.737 [main] WARN  o.s.b.a.o.j.JpaBaseConfiguration$JpaWebConfiguration - spring.jpa.open-in-view is enabled by default. Therefore, database queries may be performed during view rendering. Explicitly configure spring.jpa.open-in-view to disable this warning
2026-04-20 14:12:33.575 [main] INFO  org.apache.coyote.http11.Http11NioProtocol - Starting ProtocolHandler ["http-nio-8080"]
2026-04-20 14:12:33.613 [main] INFO  o.s.boot.web.embedded.tomcat.TomcatWebServer - Tomcat started on port(s): 8080 (http) with context path ''
2026-04-20 14:12:33.626 [main] INFO  c.example.usermanagement.UserManagementApplication - Started UserManagementApplication in 14.825 seconds (JVM running for 16.743)
2026-04-20 14:12:33.840 [main] INFO  com.example.usermanagement.config.DataInitializer - 数据库中已有 3 条用户数据，跳过账号初始化
2026-04-20 14:12:33.857 [main] INFO  com.example.usermanagement.config.DataInitializer - 数据库中已有 99 条老师数据，跳过老师数据初始化
2026-04-20 14:12:33.858 [main] INFO  c.example.usermanagement.UserManagementApplication - 用户管理系统启动成功!
2026-04-20 14:12:36.270 [http-nio-8080-exec-1] INFO  o.a.c.core.ContainerBase.[Tomcat].[localhost].[/] - Initializing Spring DispatcherServlet 'dispatcherServlet'
2026-04-20 14:12:36.271 [http-nio-8080-exec-1] INFO  org.springframework.web.servlet.DispatcherServlet - Initializing Servlet 'dispatcherServlet'
2026-04-20 14:12:36.273 [http-nio-8080-exec-1] INFO  org.springframework.web.servlet.DispatcherServlet - Completed initialization in 2 ms
2026-04-20 14:12:51.953 [http-nio-8080-exec-3] INFO  c.example.usermanagement.controller.UserController - 收到修改密码请求, params: {oldPassword=1, newPassword=111111}
2026-04-20 14:12:51.953 [http-nio-8080-exec-3] INFO  c.example.usermanagement.controller.UserController - oldPassword: [1], newPassword: [111111]
2026-04-20 14:12:51.955 [http-nio-8080-exec-3] INFO  c.example.usermanagement.controller.UserController - Token 解析成功，用户名: admin
2026-04-20 14:12:51.959 [http-nio-8080-exec-3] INFO  c.example.usermanagement.controller.UserController - 数据库存储的密码状态: 已加密($2a$10$Fh/...)
2026-04-20 14:12:52.073 [http-nio-8080-exec-3] INFO  c.example.usermanagement.controller.UserController - 原密码验证结果: false
2026-04-20 14:12:52.073 [http-nio-8080-exec-3] WARN  c.example.usermanagement.controller.UserController - 原密码错误
2026-04-20 14:13:33.264 [http-nio-8080-exec-5] DEBUG c.example.usermanagement.controller.UserController - 获取所有用户列表
2026-04-20 14:13:33.271 [http-nio-8080-exec-5] DEBUG com.example.usermanagement.service.UserService - Service: 查询所有用户
2026-04-20 14:13:33.288 [http-nio-8080-exec-5] INFO  c.example.usermanagement.controller.UserController - 成功获取用户列表, 共 3 条数据
2026-04-20 14:13:33.297 [http-nio-8080-exec-6] DEBUG c.example.usermanagement.controller.UserController - 获取所有用户列表
2026-04-20 14:13:33.298 [http-nio-8080-exec-6] DEBUG com.example.usermanagement.service.UserService - Service: 查询所有用户
2026-04-20 14:13:33.313 [http-nio-8080-exec-6] INFO  c.example.usermanagement.controller.UserController - 成功获取用户列表, 共 3 条数据
2026-04-20 14:14:19.025 [http-nio-8080-exec-9] INFO  c.example.usermanagement.controller.UserController - 收到修改密码请求, params: {oldPassword=123456, newPassword=1234567}
2026-04-20 14:14:19.026 [http-nio-8080-exec-9] INFO  c.example.usermanagement.controller.UserController - oldPassword: [123456], newPassword: [1234567]
2026-04-20 14:14:19.029 [http-nio-8080-exec-9] INFO  c.example.usermanagement.controller.UserController - Token 解析成功，用户名: admin
2026-04-20 14:14:19.041 [http-nio-8080-exec-9] INFO  c.example.usermanagement.controller.UserController - 数据库存储的密码状态: 已加密($2a$10$Fh/...)
2026-04-20 14:14:19.175 [http-nio-8080-exec-9] INFO  c.example.usermanagement.controller.UserController - 原密码验证结果: true
2026-04-20 14:14:19.367 [http-nio-8080-exec-9] INFO  c.example.usermanagement.controller.UserController - 密码修改成功
2026-04-20 14:14:51.173 [http-nio-8080-exec-10] INFO  c.example.usermanagement.controller.UserController - 收到修改密码请求, params: {oldPassword=12345, newPassword=12345678}
2026-04-20 14:14:51.173 [http-nio-8080-exec-10] INFO  c.example.usermanagement.controller.UserController - oldPassword: [12345], newPassword: [12345678]
2026-04-20 14:14:51.175 [http-nio-8080-exec-10] INFO  c.example.usermanagement.controller.UserController - Token 解析成功，用户名: admin
2026-04-20 14:14:51.194 [http-nio-8080-exec-10] INFO  c.example.usermanagement.controller.UserController - 数据库存储的密码状态: 已加密($2a$10$Upx...)
2026-04-20 14:14:51.309 [http-nio-8080-exec-10] INFO  c.example.usermanagement.controller.UserController - 原密码验证结果: false
2026-04-20 14:14:51.310 [http-nio-8080-exec-10] WARN  c.example.usermanagement.controller.UserController - 原密码错误
2026-04-20 14:14:58.710 [http-nio-8080-exec-1] INFO  c.example.usermanagement.controller.UserController - 收到修改密码请求, params: {oldPassword=12345, newPassword=12345678}
2026-04-20 14:14:58.710 [http-nio-8080-exec-1] INFO  c.example.usermanagement.controller.UserController - oldPassword: [12345], newPassword: [12345678]
2026-04-20 14:14:58.713 [http-nio-8080-exec-1] INFO  c.example.usermanagement.controller.UserController - Token 解析成功，用户名: admin
2026-04-20 14:14:58.720 [http-nio-8080-exec-1] INFO  c.example.usermanagement.controller.UserController - 数据库存储的密码状态: 已加密($2a$10$Upx...)
2026-04-20 14:14:58.828 [http-nio-8080-exec-1] INFO  c.example.usermanagement.controller.UserController - 原密码验证结果: false
2026-04-20 14:14:58.828 [http-nio-8080-exec-1] WARN  c.example.usermanagement.controller.UserController - 原密码错误
2026-04-20 14:16:10.028 [http-nio-8080-exec-4] INFO  c.example.usermanagement.controller.UserController - 收到修改密码请求, params: {oldPassword=12345, newPassword=12345678}
2026-04-20 14:16:10.029 [http-nio-8080-exec-4] INFO  c.example.usermanagement.controller.UserController - oldPassword: [12345], newPassword: [12345678]
2026-04-20 14:16:10.034 [http-nio-8080-exec-4] INFO  c.example.usermanagement.controller.UserController - Token 解析成功，用户名: admin
2026-04-20 14:16:10.048 [http-nio-8080-exec-4] INFO  c.example.usermanagement.controller.UserController - 数据库存储的密码状态: 已加密($2a$10$Upx...)
2026-04-20 14:16:10.644 [http-nio-8080-exec-4] INFO  c.example.usermanagement.controller.UserController - 原密码验证结果: false
2026-04-20 14:16:10.644 [http-nio-8080-exec-4] WARN  c.example.usermanagement.controller.UserController - 原密码错误
2026-04-20 14:19:59.690 [TeachingManagementHikariCP housekeeper] WARN  com.zaxxer.hikari.pool.HikariPool - TeachingManagementHikariCP - Retrograde clock change detected (housekeeper delta=29s845ms), soft-evicting connections from pool.
2026-04-20 14:45:40.679 [background-preinit] INFO  org.hibernate.validator.internal.util.Version - HV000001: Hibernate Validator 6.2.5.Final
2026-04-20 14:45:40.772 [main] INFO  c.example.usermanagement.UserManagementApplication - Starting UserManagementApplication using Java 1.8.0_421 on xuedongdeMacBook-Pro.local with PID 92990 (/Users/xuedong/CodeBuddy/ai-demo/backend/target/classes started by xuedong in /Users/xuedong/CodeBuddy/ai-demo/backend)
2026-04-20 14:45:40.773 [main] DEBUG c.example.usermanagement.UserManagementApplication - Running with Spring Boot v2.7.18, Spring v5.3.31
2026-04-20 14:45:40.774 [main] INFO  c.example.usermanagement.UserManagementApplication - No active profile set, falling back to 1 default profile: "default"
2026-04-20 14:45:43.556 [main] INFO  o.s.d.r.config.RepositoryConfigurationDelegate - Bootstrapping Spring Data JPA repositories in DEFAULT mode.
2026-04-20 14:45:43.720 [main] INFO  o.s.d.r.config.RepositoryConfigurationDelegate - Finished Spring Data repository scanning in 134 ms. Found 2 JPA repository interfaces.
2026-04-20 14:45:45.175 [main] INFO  o.s.boot.web.embedded.tomcat.TomcatWebServer - Tomcat initialized with port(s): 8080 (http)
2026-04-20 14:45:45.190 [main] INFO  org.apache.coyote.http11.Http11NioProtocol - Initializing ProtocolHandler ["http-nio-8080"]
2026-04-20 14:45:45.192 [main] INFO  org.apache.catalina.core.StandardService - Starting service [Tomcat]
2026-04-20 14:45:45.192 [main] INFO  org.apache.catalina.core.StandardEngine - Starting Servlet engine: [Apache Tomcat/9.0.83]
2026-04-20 14:45:45.525 [main] INFO  o.a.c.core.ContainerBase.[Tomcat].[localhost].[/] - Initializing Spring embedded WebApplicationContext
2026-04-20 14:45:45.525 [main] INFO  o.s.b.w.s.c.ServletWebServerApplicationContext - Root WebApplicationContext: initialization completed in 4583 ms
2026-04-20 14:45:45.688 [main] INFO  org.hibernate.jpa.internal.util.LogHelper - HHH000204: Processing PersistenceUnitInfo [name: default]
2026-04-20 14:45:45.756 [main] INFO  org.hibernate.Version - HHH000412: Hibernate ORM core version 5.6.15.Final
2026-04-20 14:45:45.965 [main] INFO  org.hibernate.annotations.common.Version - HCANN000001: Hibernate Commons Annotations {5.1.2.Final}
2026-04-20 14:45:46.138 [main] INFO  com.zaxxer.hikari.HikariDataSource - TeachingManagementHikariCP - Starting...
2026-04-20 14:45:47.685 [main] INFO  com.zaxxer.hikari.HikariDataSource - TeachingManagementHikariCP - Start completed.
2026-04-20 14:45:47.708 [main] INFO  org.hibernate.dialect.Dialect - HHH000400: Using dialect: org.hibernate.dialect.MySQL8Dialect
2026-04-20 14:45:49.180 [main] INFO  o.h.e.t.jta.platform.internal.JtaPlatformInitiator - HHH000490: Using JtaPlatform implementation: [org.hibernate.engine.transaction.jta.platform.internal.NoJtaPlatform]
2026-04-20 14:45:49.201 [main] INFO  o.s.orm.jpa.LocalContainerEntityManagerFactoryBean - Initialized JPA EntityManagerFactory for persistence unit 'default'
2026-04-20 14:45:50.078 [main] WARN  o.s.b.a.o.j.JpaBaseConfiguration$JpaWebConfiguration - spring.jpa.open-in-view is enabled by default. Therefore, database queries may be performed during view rendering. Explicitly configure spring.jpa.open-in-view to disable this warning
2026-04-20 14:45:50.981 [main] INFO  org.apache.coyote.http11.Http11NioProtocol - Starting ProtocolHandler ["http-nio-8080"]
2026-04-20 14:45:51.015 [main] INFO  o.s.boot.web.embedded.tomcat.TomcatWebServer - Tomcat started on port(s): 8080 (http) with context path ''
2026-04-20 14:45:51.028 [main] INFO  c.example.usermanagement.UserManagementApplication - Started UserManagementApplication in 12.435 seconds (JVM running for 14.987)
2026-04-20 14:45:51.228 [main] INFO  com.example.usermanagement.config.DataInitializer - 数据库中已有 3 条用户数据，跳过账号初始化
2026-04-20 14:45:51.243 [main] INFO  com.example.usermanagement.config.DataInitializer - 数据库中已有 99 条老师数据，跳过老师数据初始化
2026-04-20 14:45:51.244 [main] INFO  c.example.usermanagement.UserManagementApplication - 用户管理系统启动成功!
2026-04-20 14:45:54.510 [http-nio-8080-exec-1] INFO  o.a.c.core.ContainerBase.[Tomcat].[localhost].[/] - Initializing Spring DispatcherServlet 'dispatcherServlet'
2026-04-20 14:45:54.511 [http-nio-8080-exec-1] INFO  org.springframework.web.servlet.DispatcherServlet - Initializing Servlet 'dispatcherServlet'
2026-04-20 14:45:54.512 [http-nio-8080-exec-1] INFO  org.springframework.web.servlet.DispatcherServlet - Completed initialization in 1 ms
2026-04-20 14:45:56.618 [http-nio-8080-exec-4] DEBUG c.example.usermanagement.controller.UserController - 获取所有用户列表
2026-04-20 14:45:56.628 [http-nio-8080-exec-4] DEBUG com.example.usermanagement.service.UserService - Service: 查询所有用户
2026-04-20 14:45:56.647 [http-nio-8080-exec-4] INFO  c.example.usermanagement.controller.UserController - 成功获取用户列表, 共 3 条数据
2026-04-20 14:45:56.708 [http-nio-8080-exec-5] DEBUG c.example.usermanagement.controller.UserController - 获取所有用户列表
2026-04-20 14:45:56.709 [http-nio-8080-exec-5] DEBUG com.example.usermanagement.service.UserService - Service: 查询所有用户
2026-04-20 14:45:56.805 [http-nio-8080-exec-5] INFO  c.example.usermanagement.controller.UserController - 成功获取用户列表, 共 3 条数据
